  5_2_div3.cpp
D:\code\personal-algorithm-training\cf\cf\5_2_div3.cpp(233,22): error C2676: 二进制“>”:“T”不定义该运算符或到预定义运算符可接收的类型的转换
D:\code\personal-algorithm-training\cf\cf\5_2_div3.cpp(233,22): error C2676:         with
D:\code\personal-algorithm-training\cf\cf\5_2_div3.cpp(233,22): error C2676:         [
D:\code\personal-algorithm-training\cf\cf\5_2_div3.cpp(233,22): error C2676:             T=Time
D:\code\personal-algorithm-training\cf\cf\5_2_div3.cpp(233,22): error C2676:         ]
  C:\Program Files\Microsoft Visual Studio\2022\Community\VC\Tools\MSVC\14.38.33130\include\memory(3598,30):
  可能是“bool std::operator >(std::nullptr_t,const std::unique_ptr<_Ty,_Dx> &)”
  	D:\code\personal-algorithm-training\cf\cf\5_2_div3.cpp(233,20):
  	“bool std::operator >(std::nullptr_t,const std::unique_ptr<_Ty,_Dx> &)”: 无法从“T”推导出“const std::unique_ptr<_Ty,_Dx> &”的 模板 参数
          with
          [
              T=Time
          ]
  C:\Program Files\Microsoft Visual Studio\2022\Community\VC\Tools\MSVC\14.38.33130\include\memory(3593,30):
  或    “bool std::operator >(const std::unique_ptr<_Ty,_Dx> &,std::nullptr_t)”
  	D:\code\personal-algorithm-training\cf\cf\5_2_div3.cpp(233,20):
  	“bool std::operator >(const std::unique_ptr<_Ty,_Dx> &,std::nullptr_t)”: 无法从“T”推导出“const std::unique_ptr<_Ty,_Dx> &”的 模板 参数
          with
          [
              T=Time
          ]
  C:\Program Files\Microsoft Visual Studio\2022\Community\VC\Tools\MSVC\14.38.33130\include\memory(3526,17):
  或    “bool std::operator >(const std::unique_ptr<_Ty,_Dx> &,const std::unique_ptr<_Ty2,_Dx2> &)”
  	D:\code\personal-algorithm-training\cf\cf\5_2_div3.cpp(233,20):
  	“bool std::operator >(const std::unique_ptr<_Ty,_Dx> &,const std::unique_ptr<_Ty2,_Dx2> &)”: 无法从“T”推导出“const std::unique_ptr<_Ty,_Dx> &”的 模板 参数
          with
          [
              T=Time
          ]
  C:\Program Files\Microsoft Visual Studio\2022\Community\VC\Tools\MSVC\14.38.33130\include\xutility(4288,30):
  或    “bool std::operator >(const std::move_iterator<_Iter> &,const std::move_iterator<_Iter2> &) noexcept(<expr>)”
  	D:\code\personal-algorithm-training\cf\cf\5_2_div3.cpp(233,20):
  	“bool std::operator >(const std::move_iterator<_Iter> &,const std::move_iterator<_Iter2> &) noexcept(<expr>)”: 无法从“T”推导出“const std::move_iterator<_Iter> &”的 模板 参数
          with
          [
              T=Time
          ]
  C:\Program Files\Microsoft Visual Studio\2022\Community\VC\Tools\MSVC\14.38.33130\include\xutility(1721,5):
  或    “bool std::operator >(const std::reverse_iterator<_BidIt> &,const std::reverse_iterator<_BidIt2> &) noexcept(<expr>)”
  	D:\code\personal-algorithm-training\cf\cf\5_2_div3.cpp(233,20):
  	“bool std::operator >(const std::reverse_iterator<_BidIt> &,const std::reverse_iterator<_BidIt2> &) noexcept(<expr>)”: 无法从“T”推导出“const std::reverse_iterator<_BidIt> &”的 模板 参数
          with
          [
              T=Time
          ]
  D:\code\personal-algorithm-training\cf\cf\5_2_div3.cpp(233,22):
  模板实例化上下文(最早的实例化上下文)为
  	D:\code\personal-algorithm-training\cf\cf\5_2_div3.cpp(287,28):
  	查看对正在编译的函数 模板 实例化“double maxn<Time>(T [],int)”的引用
          with
          [
              T=Time
          ]
  
D:\code\personal-algorithm-training\cf\cf\5_2_div3.cpp(239,22): error C2676: 二进制“-”:“T”不定义该运算符或到预定义运算符可接收的类型的转换
D:\code\personal-algorithm-training\cf\cf\5_2_div3.cpp(239,22): error C2676:         with
D:\code\personal-algorithm-training\cf\cf\5_2_div3.cpp(239,22): error C2676:         [
D:\code\personal-algorithm-training\cf\cf\5_2_div3.cpp(239,22): error C2676:             T=Date
D:\code\personal-algorithm-training\cf\cf\5_2_div3.cpp(239,22): error C2676:         ]
  C:\Program Files\Microsoft Visual Studio\2022\Community\VC\Tools\MSVC\14.38.33130\include\xutility(4326,30):
  可能是“unknown-type std::operator -(const std::move_iterator<_Iter> &,const std::move_iterator<_Iter2> &) noexcept(<expr>)”
  	D:\code\personal-algorithm-training\cf\cf\5_2_div3.cpp(239,20):
  	“unknown-type std::operator -(const std::move_iterator<_Iter> &,const std::move_iterator<_Iter2> &) noexcept(<expr>)”: 无法从“T”推导出“const std::move_iterator<_Iter> &”的 模板 参数
          with
          [
              T=Date
          ]
  C:\Program Files\Microsoft Visual Studio\2022\Community\VC\Tools\MSVC\14.38.33130\include\xutility(1775,5):
  或    “unknown-type std::operator -(const std::reverse_iterator<_BidIt> &,const std::reverse_iterator<_BidIt2> &) noexcept(<expr>)”
  	D:\code\personal-algorithm-training\cf\cf\5_2_div3.cpp(239,20):
  	“unknown-type std::operator -(const std::reverse_iterator<_BidIt> &,const std::reverse_iterator<_BidIt2> &) noexcept(<expr>)”: 无法从“T”推导出“const std::reverse_iterator<_BidIt> &”的 模板 参数
          with
          [
              T=Date
          ]
  D:\code\personal-algorithm-training\cf\cf\5_2_div3.cpp(239,22):
  模板实例化上下文(最早的实例化上下文)为
  	D:\code\personal-algorithm-training\cf\cf\5_2_div3.cpp(302,28):
  	查看对正在编译的函数 模板 实例化“double maxn<Date>(T [],int)”的引用
          with
          [
              T=Date
          ]
  
